<?xml version="1.0" encoding="UTF-8"?>
<!-- Generated by org.testng.reporters.JUnitReportReporter -->
<testsuite hostname="LAPTOP-DR8LVL04" failures="0" tests="2" name="annotation.TestNg.Method_Annotations" time="0.014" errors="0" timestamp="2024-06-18T21:53:45 IST" skipped="0">
  <testcase classname="annotation.TestNg.Method_Annotations" name="m1" time="0.005"/>
  <testcase classname="annotation.TestNg.Method_Annotations" name="m2" time="0.009"/>
</testsuite> <!-- annotation.TestNg.Method_Annotations -->
