<?xml version="1.0" encoding="UTF-8"?>
<!-- Generated by org.testng.reporters.JUnitReportReporter -->
<testsuite hostname="LAPTOP-DR8LVL04" failures="0" tests="2" name="annotation.TestNg.Class_Annotations" time="0.010" errors="0" timestamp="2024-06-18T21:06:36 IST" skipped="0">
  <testcase classname="annotation.TestNg.Class_Annotations" name="m2" time="0.003"/>
  <testcase classname="annotation.TestNg.Class_Annotations" name="m1" time="0.007"/>
</testsuite> <!-- annotation.TestNg.Class_Annotations -->
