<?xml version="1.0" encoding="UTF-8"?>
<!-- Generated by org.testng.reporters.JUnitReportReporter -->
<testsuite hostname="LAPTOP-DR8LVL04" failures="0" tests="4" name="annotation.TestNg.Priority" time="0.012" errors="0" timestamp="2024-06-18T21:55:00 IST" skipped="0">
  <testcase classname="annotation.TestNg.Priority" name="driverInitialize" time="0.008"/>
  <testcase classname="annotation.TestNg.Priority" name="enterUrl" time="0.002"/>
  <testcase classname="annotation.TestNg.Priority" name="enterCredential" time="0.001"/>
  <testcase classname="annotation.TestNg.Priority" name="driverClosing" time="0.001"/>
</testsuite> <!-- annotation.TestNg.Priority -->
