<?xml version="1.0" encoding="UTF-8"?>
<!-- Generated by org.testng.reporters.JUnitReportReporter -->
<testsuite hostname="LAPTOP-DR8LVL04" failures="0" tests="4" name="annotation.TestNg.Priority_Character" time="0.014" errors="0" timestamp="2024-06-18T21:57:05 IST" skipped="0">
  <testcase classname="annotation.TestNg.Priority_Character" name="driverInitialize" time="0.009"/>
  <testcase classname="annotation.TestNg.Priority_Character" name="enterUrl" time="0.002"/>
  <testcase classname="annotation.TestNg.Priority_Character" name="enterCredential" time="0.002"/>
  <testcase classname="annotation.TestNg.Priority_Character" name="driverClosing" time="0.001"/>
</testsuite> <!-- annotation.TestNg.Priority_Character -->
