<?xml version="1.0" encoding="UTF-8"?>
<!-- Generated by org.testng.reporters.JUnitReportReporter -->
<testsuite hostname="LAPTOP-DR8LVL04" failures="0" tests="4" name="annotation.TestNg.Depends_Method" time="0.011" errors="0" timestamp="2024-06-18T22:17:14 IST" skipped="0">
  <testcase classname="annotation.TestNg.Depends_Method" name="enterCredential" time="0.001"/>
  <testcase classname="annotation.TestNg.Depends_Method" name="enterUrl" time="0.001"/>
  <testcase classname="annotation.TestNg.Depends_Method" name="driverClosing" time="0.001"/>
  <testcase classname="annotation.TestNg.Depends_Method" name="driverInitialize" time="0.008"/>
</testsuite> <!-- annotation.TestNg.Depends_Method -->
