<?xml version="1.0" encoding="UTF-8"?>
<!-- Generated by org.testng.reporters.JUnitReportReporter -->
<testsuite hostname="LAPTOP-DR8LVL04" failures="0" tests="1" name="annotation.TestNg.Simple_FirstNG" time="0.002" errors="0" timestamp="2024-06-18T21:06:36 IST" skipped="0">
  <testcase classname="annotation.TestNg.Simple_FirstNG" name="method" time="0.002"/>
</testsuite> <!-- annotation.TestNg.Simple_FirstNG -->
