<?xml version="1.0" encoding="UTF-8"?>
<!-- Generated by org.testng.reporters.JUnitReportReporter -->
<testsuite hostname="LAPTOP-DR8LVL04" failures="0" tests="4" name="annotation.TestNg.Priority_Character" time="0.012" errors="0" timestamp="2024-06-18T21:59:53 IST" skipped="1">
  <testcase classname="annotation.TestNg.Priority_Character" name="driverInitialize" time="0.009"/>
  <testcase classname="annotation.TestNg.Priority_Character" name="enterUrl" time="0.001"/>
  <testcase classname="annotation.TestNg.Priority_Character" name="driverClosing" time="0.002"/>
  <testcase classname="annotation.TestNg.Priority_Character" name="enterCredential">
    <skipped/>
  </testcase> <!-- enterCredential -->
</testsuite> <!-- annotation.TestNg.Priority_Character -->
