<?xml version="1.0" encoding="UTF-8"?>
<!-- Generated by org.testng.reporters.JUnitReportReporter -->
<testsuite hostname="LAPTOP-DR8LVL04" failures="0" tests="2" name="annotation.TestNg.Class_Annotations" time="0.008" errors="0" timestamp="2024-06-18T21:01:29 IST" skipped="0">
  <testcase classname="annotation.TestNg.Class_Annotations" name="m1" time="0.006"/>
  <testcase classname="annotation.TestNg.Class_Annotations" name="m2" time="0.002"/>
</testsuite> <!-- annotation.TestNg.Class_Annotations -->
